<?xml version="1.0" encoding="UTF-8"?>
<!-- Generated by org.testng.reporters.JUnitXMLReporter -->
<testsuite ignored="0" hostname="Ranu-Tiwari" failures="0" tests="3" name="Test" time="0.048" errors="0" timestamp="2024-05-03T18:26:44 IST">
  <testcase classname="org.testing.TestCases.AddMemberVirtual" name="AddMember" time="0.004"/>
  <testcase classname="org.testing.TestCases.AddMemberVirtual" name="AddMemberclick" time="0.001"/>
  <testcase classname="org.testing.TestCases.EditMember" name="Editclick" time="0.001"/>
</testsuite> <!-- Test -->
