<?xml version="1.0" encoding="UTF-8"?>
<!-- Generated by org.testng.reporters.JUnitXMLReporter -->
<testsuite ignored="0" hostname="Ranu-Tiwari" failures="0" tests="5" name="Login" time="81.013" errors="0" timestamp="2024-07-10T18:55:07 IST">
  <testcase classname="org.testing.Pages.Teams" name="teamsclick" time="3.743"/>
  <testcase classname="org.testing.Pages.TeamSpends" name="teamspendsclick" time="3.664"/>
  <testcase classname="org.testing.Pages.TeamSummary" name="teamsummaryclick" time="2.448"/>
  <testcase classname="org.testing.Pages.Categories" name="categories" time="4.382"/>
  <testcase classname="org.testing.Pages.MIS" name="misclick" time="2.58"/>
</testsuite> <!-- Login -->
